<?xml version="1.0" encoding="UTF-8"?>
<testng-results ignored="0" total="1" passed="1" failed="0" skipped="0">
  <reporter-output>
  </reporter-output>
  <suite started-at="2023-08-14T18:14:25 IST" name="Default suite" finished-at="2023-08-14T18:14:26 IST" duration-ms="340">
    <groups>
    </groups>
    <test started-at="2023-08-14T18:14:25 IST" name="Default test" finished-at="2023-08-14T18:14:26 IST" duration-ms="340">
      <class name="kalamsir.SampleProgram">
        <test-method signature="method()[pri:0, instance:kalamsir.SampleProgram@644baf4a]" started-at="2023-08-14T18:14:26 IST" name="method" finished-at="2023-08-14T18:14:26 IST" duration-ms="59" status="PASS">
          <reporter-output>
          </reporter-output>
        </test-method> <!-- method -->
      </class> <!-- kalamsir.SampleProgram -->
    </test> <!-- Default test -->
  </suite> <!-- Default suite -->
</testng-results>
